<?xml version="1.0" encoding="UTF-8"?>
<testsuite name="inheritance.MainTest" tests="1" skipped="0" failures="0" errors="0" timestamp="2021-07-04T21:44:34" hostname="DESKTOP-OEGO3KO" time="0.015">
  <properties/>
  <testcase name="toStringTest()" classname="inheritance.MainTest" time="0.015"/>
  <system-out><![CDATA[]]></system-out>
  <system-err><![CDATA[]]></system-err>
</testsuite>
