<?xml version="1.0" encoding="UTF-8"?>
<testsuite name="basiclibrary.LibraryTest" tests="1" skipped="0" failures="0" errors="0" timestamp="2021-06-29T23:21:53" hostname="DESKTOP-OEGO3KO" time="0.046">
  <properties/>
  <testcase name="someLibraryMethodReturnsTrue()" classname="basiclibrary.LibraryTest" time="0.046"/>
  <system-out><![CDATA[]]></system-out>
  <system-err><![CDATA[]]></system-err>
</testsuite>
